<?xml version="1.0" encoding="UTF-8"?>
<testsuite name="com.triplengames.example.springboot.domain.posts.PostsRepositoryTest" tests="1" skipped="0" failures="0" errors="0" timestamp="2021-01-28T18:32:42" hostname="DESKTOP-JMVRVRA" time="0.44">
  <properties/>
  <testcase name="게시글저장_불러오기" classname="com.triplengames.example.springboot.domain.posts.PostsRepositoryTest" time="0.44"/>
  <system-out><![CDATA[03:32:38.291 [Test worker] DEBUG org.springframework.test.context.junit4.SpringJUnit4ClassRunner - SpringJUnit4ClassRunner constructor called with [class com.triplengames.example.springboot.domain.posts.PostsRepositoryTest]
03:32:38.298 [Test worker] DEBUG org.springframework.test.context.BootstrapUtils - Instantiating CacheAwareContextLoaderDelegate from class [org.springframework.test.context.cache.DefaultCacheAwareContextLoaderDelegate]
03:32:38.306 [Test worker] DEBUG org.springframework.test.context.BootstrapUtils - Instantiating BootstrapContext using constructor [public org.springframework.test.context.support.DefaultBootstrapContext(java.lang.Class,org.springframework.test.context.CacheAwareContextLoaderDelegate)]
03:32:38.322 [Test worker] DEBUG org.springframework.test.context.BootstrapUtils - Instantiating TestContextBootstrapper for test class [com.triplengames.example.springboot.domain.posts.PostsRepositoryTest] from class [org.springframework.boot.test.context.SpringBootTestContextBootstrapper]
03:32:38.335 [Test worker] INFO org.springframework.boot.test.context.SpringBootTestContextBootstrapper - Neither @ContextConfiguration nor @ContextHierarchy found for test class [com.triplengames.example.springboot.domain.posts.PostsRepositoryTest], using SpringBootContextLoader
03:32:38.338 [Test worker] DEBUG org.springframework.test.context.support.AbstractContextLoader - Did not detect default resource location for test class [com.triplengames.example.springboot.domain.posts.PostsRepositoryTest]: class path resource [com/triplengames/example/springboot/domain/posts/PostsRepositoryTest-context.xml] does not exist
03:32:38.339 [Test worker] DEBUG org.springframework.test.context.support.AbstractContextLoader - Did not detect default resource location for test class [com.triplengames.example.springboot.domain.posts.PostsRepositoryTest]: class path resource [com/triplengames/example/springboot/domain/posts/PostsRepositoryTestContext.groovy] does not exist
03:32:38.339 [Test worker] INFO org.springframework.test.context.support.AbstractContextLoader - Could not detect default resource locations for test class [com.triplengames.example.springboot.domain.posts.PostsRepositoryTest]: no resource found for suffixes {-context.xml, Context.groovy}.
03:32:38.339 [Test worker] INFO org.springframework.test.context.support.AnnotationConfigContextLoaderUtils - Could not detect default configuration classes for test class [com.triplengames.example.springboot.domain.posts.PostsRepositoryTest]: PostsRepositoryTest does not declare any static, non-private, non-final, nested classes annotated with @Configuration.
03:32:38.375 [Test worker] DEBUG org.springframework.test.context.support.ActiveProfilesUtils - Could not find an 'annotation declaring class' for annotation type [org.springframework.test.context.ActiveProfiles] and class [com.triplengames.example.springboot.domain.posts.PostsRepositoryTest]
03:32:38.451 [Test worker] DEBUG org.springframework.context.annotation.ClassPathScanningCandidateComponentProvider - Identified candidate component class: file [C:\Workspace\NNN\MineSweeperAPI\build\classes\java\main\com\triplengames\example\springboot\Application.class]
03:32:38.452 [Test worker] INFO org.springframework.boot.test.context.SpringBootTestContextBootstrapper - Found @SpringBootConfiguration com.triplengames.example.springboot.Application for test class com.triplengames.example.springboot.domain.posts.PostsRepositoryTest
03:32:38.542 [Test worker] DEBUG org.springframework.boot.test.context.SpringBootTestContextBootstrapper - @TestExecutionListeners is not present for class [com.triplengames.example.springboot.domain.posts.PostsRepositoryTest]: using defaults.
03:32:38.543 [Test worker] INFO org.springframework.boot.test.context.SpringBootTestContextBootstrapper - Loaded default TestExecutionListener class names from location [META-INF/spring.factories]: [org.springframework.boot.test.autoconfigure.restdocs.RestDocsTestExecutionListener, org.springframework.boot.test.autoconfigure.web.client.MockRestServiceServerResetTestExecutionListener, org.springframework.boot.test.autoconfigure.web.servlet.MockMvcPrintOnlyOnFailureTestExecutionListener, org.springframework.boot.test.autoconfigure.web.servlet.WebDriverTestExecutionListener, org.springframework.boot.test.mock.mockito.MockitoTestExecutionListener, org.springframework.boot.test.mock.mockito.ResetMocksTestExecutionListener, org.springframework.test.context.web.ServletTestExecutionListener, org.springframework.test.context.support.DirtiesContextBeforeModesTestExecutionListener, org.springframework.test.context.support.DependencyInjectionTestExecutionListener, org.springframework.test.context.support.DirtiesContextTestExecutionListener, org.springframework.test.context.transaction.TransactionalTestExecutionListener, org.springframework.test.context.jdbc.SqlScriptsTestExecutionListener]
03:32:38.560 [Test worker] INFO org.springframework.boot.test.context.SpringBootTestContextBootstrapper - Using TestExecutionListeners: [org.springframework.test.context.web.ServletTestExecutionListener@4b5dfee, org.springframework.test.context.support.DirtiesContextBeforeModesTestExecutionListener@27930a1f, org.springframework.boot.test.mock.mockito.MockitoTestExecutionListener@4c365931, org.springframework.boot.test.autoconfigure.SpringBootDependencyInjectionTestExecutionListener@3111f3ae, org.springframework.test.context.support.DirtiesContextTestExecutionListener@1bf110cd, org.springframework.test.context.transaction.TransactionalTestExecutionListener@248d325e, org.springframework.test.context.jdbc.SqlScriptsTestExecutionListener@5a8c182f, org.springframework.boot.test.autoconfigure.restdocs.RestDocsTestExecutionListener@64be0c53, org.springframework.boot.test.autoconfigure.web.client.MockRestServiceServerResetTestExecutionListener@77da0f71, org.springframework.boot.test.autoconfigure.web.servlet.MockMvcPrintOnlyOnFailureTestExecutionListener@3a88dc16, org.springframework.boot.test.autoconfigure.web.servlet.WebDriverTestExecutionListener@7ff608, org.springframework.boot.test.mock.mockito.ResetMocksTestExecutionListener@1437aec0]
03:32:38.563 [Test worker] DEBUG org.springframework.test.annotation.ProfileValueUtils - Retrieved @ProfileValueSourceConfiguration [null] for test class [com.triplengames.example.springboot.domain.posts.PostsRepositoryTest]
03:32:38.564 [Test worker] DEBUG org.springframework.test.annotation.ProfileValueUtils - Retrieved ProfileValueSource type [class org.springframework.test.annotation.SystemProfileValueSource] for class [com.triplengames.example.springboot.domain.posts.PostsRepositoryTest]
03:32:38.566 [Test worker] DEBUG org.springframework.test.annotation.ProfileValueUtils - Retrieved @ProfileValueSourceConfiguration [null] for test class [com.triplengames.example.springboot.domain.posts.PostsRepositoryTest]
03:32:38.566 [Test worker] DEBUG org.springframework.test.annotation.ProfileValueUtils - Retrieved ProfileValueSource type [class org.springframework.test.annotation.SystemProfileValueSource] for class [com.triplengames.example.springboot.domain.posts.PostsRepositoryTest]
03:32:38.567 [Test worker] DEBUG org.springframework.test.annotation.ProfileValueUtils - Retrieved @ProfileValueSourceConfiguration [null] for test class [com.triplengames.example.springboot.domain.posts.PostsRepositoryTest]
03:32:38.567 [Test worker] DEBUG org.springframework.test.annotation.ProfileValueUtils - Retrieved ProfileValueSource type [class org.springframework.test.annotation.SystemProfileValueSource] for class [com.triplengames.example.springboot.domain.posts.PostsRepositoryTest]
03:32:38.570 [Test worker] DEBUG org.springframework.test.context.support.AbstractDirtiesContextTestExecutionListener - Before test class: context [DefaultTestContext@288804b9 testClass = PostsRepositoryTest, testInstance = [null], testMethod = [null], testException = [null], mergedContextConfiguration = [WebMergedContextConfiguration@1adb95ff testClass = PostsRepositoryTest, locations = '{}', classes = '{class com.triplengames.example.springboot.Application}', contextInitializerClasses = '[]', activeProfiles = '{}', propertySourceLocations = '{}', propertySourceProperties = '{org.springframework.boot.test.context.SpringBootTestContextBootstrapper=true}', contextCustomizers = set[org.springframework.boot.test.autoconfigure.properties.PropertyMappingContextCustomizer@0, org.springframework.boot.test.autoconfigure.web.servlet.WebDriverContextCustomizerFactory$Customizer@50f00281, org.springframework.boot.test.context.filter.ExcludeFilterContextCustomizer@4a89d444, org.springframework.boot.test.json.DuplicateJsonObjectContextCustomizerFactory$DuplicateJsonObjectContextCustomizer@2cf1bc07, org.springframework.boot.test.mock.mockito.MockitoContextCustomizer@0, org.springframework.boot.test.web.client.TestRestTemplateContextCustomizer@12f511ce], resourceBasePath = 'src/main/webapp', contextLoader = 'org.springframework.boot.test.context.SpringBootContextLoader', parent = [null]], attributes = map['org.springframework.test.context.web.ServletTestExecutionListener.activateListener' -> true]], class annotated with @DirtiesContext [false] with mode [null].
03:32:38.571 [Test worker] DEBUG org.springframework.test.annotation.ProfileValueUtils - Retrieved @ProfileValueSourceConfiguration [null] for test class [com.triplengames.example.springboot.domain.posts.PostsRepositoryTest]
03:32:38.571 [Test worker] DEBUG org.springframework.test.annotation.ProfileValueUtils - Retrieved ProfileValueSource type [class org.springframework.test.annotation.SystemProfileValueSource] for class [com.triplengames.example.springboot.domain.posts.PostsRepositoryTest]
03:32:38.590 [Test worker] DEBUG org.springframework.test.context.support.TestPropertySourceUtils - Adding inlined properties to environment: {spring.jmx.enabled=false, org.springframework.boot.test.context.SpringBootTestContextBootstrapper=true, server.port=-1}

  .   ____          _            __ _ _
 /\\ / ___'_ __ _ _(_)_ __  __ _ \ \ \ \
( ( )\___ | '_ | '_| | '_ \/ _` | \ \ \ \
 \\/  ___)| |_)| | | | | || (_| |  ) ) ) )
  '  |____| .__|_| |_|_| |_\__, | / / / /
 =========|_|==============|___/=/_/_/_/
 :: Spring Boot ::        (v2.1.7.RELEASE)

2021-01-29 03:32:38.788  INFO 40012 --- [    Test worker] c.t.e.s.d.posts.PostsRepositoryTest      : Starting PostsRepositoryTest on DESKTOP-JMVRVRA with PID 40012 (started by Hyunseok Oh in C:\Workspace\NNN\MineSweeperAPI)
2021-01-29 03:32:38.789  INFO 40012 --- [    Test worker] c.t.e.s.d.posts.PostsRepositoryTest      : No active profile set, falling back to default profiles: default
2021-01-29 03:32:39.342  INFO 40012 --- [    Test worker] .s.d.r.c.RepositoryConfigurationDelegate : Bootstrapping Spring Data repositories in DEFAULT mode.
2021-01-29 03:32:39.415  INFO 40012 --- [    Test worker] .s.d.r.c.RepositoryConfigurationDelegate : Finished Spring Data repository scanning in 65ms. Found 1 repository interfaces.
2021-01-29 03:32:39.716  INFO 40012 --- [    Test worker] trationDelegate$BeanPostProcessorChecker : Bean 'org.springframework.transaction.annotation.ProxyTransactionManagementConfiguration' of type [org.springframework.transaction.annotation.ProxyTransactionManagementConfiguration$$EnhancerBySpringCGLIB$$9633a5b0] is not eligible for getting processed by all BeanPostProcessors (for example: not eligible for auto-proxying)
2021-01-29 03:32:39.884  INFO 40012 --- [    Test worker] com.zaxxer.hikari.HikariDataSource       : HikariPool-1 - Starting...
2021-01-29 03:32:40.092  INFO 40012 --- [    Test worker] com.zaxxer.hikari.HikariDataSource       : HikariPool-1 - Start completed.
2021-01-29 03:32:40.162  INFO 40012 --- [    Test worker] o.hibernate.jpa.internal.util.LogHelper  : HHH000204: Processing PersistenceUnitInfo [
	name: default
	...]
2021-01-29 03:32:40.237  INFO 40012 --- [    Test worker] org.hibernate.Version                    : HHH000412: Hibernate Core {5.3.10.Final}
2021-01-29 03:32:40.239  INFO 40012 --- [    Test worker] org.hibernate.cfg.Environment            : HHH000206: hibernate.properties not found
2021-01-29 03:32:40.391  INFO 40012 --- [    Test worker] o.hibernate.annotations.common.Version   : HCANN000001: Hibernate Commons Annotations {5.0.4.Final}
2021-01-29 03:32:40.542  INFO 40012 --- [    Test worker] org.hibernate.dialect.Dialect            : HHH000400: Using dialect: org.hibernate.dialect.MySQL5InnoDBDialect
Hibernate: drop table if exists posts
Hibernate: create table posts (id bigint not null auto_increment, author varchar(255), content Text not null, title varchar(500) not null, primary key (id)) engine=InnoDB
2021-01-29 03:32:41.132  INFO 40012 --- [    Test worker] o.h.t.schema.internal.SchemaCreatorImpl  : HHH000476: Executing import script 'org.hibernate.tool.schema.internal.exec.ScriptSourceInputNonExistentImpl@6d64b4b7'
2021-01-29 03:32:41.135  INFO 40012 --- [    Test worker] j.LocalContainerEntityManagerFactoryBean : Initialized JPA EntityManagerFactory for persistence unit 'default'
2021-01-29 03:32:41.972  INFO 40012 --- [    Test worker] o.s.s.concurrent.ThreadPoolTaskExecutor  : Initializing ExecutorService 'applicationTaskExecutor'
2021-01-29 03:32:42.029  WARN 40012 --- [    Test worker] aWebConfiguration$JpaWebMvcConfiguration : spring.jpa.open-in-view is enabled by default. Therefore, database queries may be performed during view rendering. Explicitly configure spring.jpa.open-in-view to disable this warning
2021-01-29 03:32:42.399  INFO 40012 --- [    Test worker] c.t.e.s.d.posts.PostsRepositoryTest      : Started PostsRepositoryTest in 3.802 seconds (JVM running for 5.235)
Hibernate: insert into posts (author, content, title) values (?, ?, ?)
2021-01-29 03:32:42.554  INFO 40012 --- [    Test worker] o.h.h.i.QueryTranslatorFactoryInitiator  : HHH000397: Using ASTQueryTranslatorFactory
Hibernate: select posts0_.id as id1_0_, posts0_.author as author2_0_, posts0_.content as content3_0_, posts0_.title as title4_0_ from posts posts0_
Hibernate: select posts0_.id as id1_0_, posts0_.author as author2_0_, posts0_.content as content3_0_, posts0_.title as title4_0_ from posts posts0_
Hibernate: delete from posts where id=?
]]></system-out>
  <system-err><![CDATA[]]></system-err>
</testsuite>
